2025-05-12 22:31:06,102 INFO: Запуск скрипта generate_data.py для генерации данных чеков...
2025-05-12 22:31:06,209 INFO: Файл "data/1-1.csv" создан.
2025-05-12 22:31:06,296 INFO: Файл "data/1-2.csv" создан.
2025-05-12 22:31:06,393 INFO: Файл "data/1-3.csv" создан.
2025-05-12 22:31:06,479 INFO: Файл "data/1-4.csv" создан.
2025-05-12 22:31:06,565 INFO: Файл "data/2-1.csv" создан.
2025-05-12 22:31:06,650 INFO: Файл "data/2-2.csv" создан.
2025-05-12 22:31:06,753 INFO: Файл "data/2-3.csv" создан.
2025-05-12 22:31:06,857 INFO: Файл "data/2-4.csv" создан.
2025-05-12 22:31:06,954 INFO: Файл "data/3-1.csv" создан.
2025-05-12 22:31:07,042 INFO: Файл "data/3-2.csv" создан.
2025-05-12 22:31:07,136 INFO: Файл "data/3-3.csv" создан.
2025-05-12 22:31:07,227 INFO: Файл "data/3-4.csv" создан.
2025-05-12 22:31:07,308 INFO: Файл "data/4-1.csv" создан.
2025-05-12 22:31:07,394 INFO: Файл "data/4-2.csv" создан.
2025-05-12 22:31:07,482 INFO: Файл "data/4-3.csv" создан.
2025-05-12 22:31:07,570 INFO: Файл "data/4-4.csv" создан.
2025-05-12 22:31:07,660 INFO: Файл "data/5-1.csv" создан.
2025-05-12 22:31:07,746 INFO: Файл "data/5-2.csv" создан.
2025-05-12 22:31:07,835 INFO: Файл "data/5-3.csv" создан.
2025-05-12 22:31:07,923 INFO: Файл "data/5-4.csv" создан.
2025-05-12 22:31:08,010 INFO: Файл "data/6-1.csv" создан.
2025-05-12 22:31:08,105 INFO: Файл "data/6-2.csv" создан.
2025-05-12 22:31:08,187 INFO: Файл "data/6-3.csv" создан.
2025-05-12 22:31:08,283 INFO: Файл "data/6-4.csv" создан.
2025-05-12 22:31:08,377 INFO: Файл "data/7-1.csv" создан.
2025-05-12 22:31:08,462 INFO: Файл "data/7-2.csv" создан.
2025-05-12 22:31:08,552 INFO: Файл "data/7-3.csv" создан.
2025-05-12 22:31:08,639 INFO: Файл "data/7-4.csv" создан.
2025-05-12 22:31:08,734 INFO: Файл "data/8-1.csv" создан.
2025-05-12 22:31:08,827 INFO: Файл "data/8-2.csv" создан.
2025-05-12 22:31:08,924 INFO: Файл "data/8-3.csv" создан.
2025-05-12 22:31:09,007 INFO: Файл "data/8-4.csv" создан.
2025-05-12 22:31:09,091 INFO: Файл "data/9-1.csv" создан.
2025-05-12 22:31:09,176 INFO: Файл "data/9-2.csv" создан.
2025-05-12 22:31:09,269 INFO: Файл "data/9-3.csv" создан.
2025-05-12 22:31:09,351 INFO: Файл "data/9-4.csv" создан.
2025-05-12 22:31:09,443 INFO: Файл "data/10-1.csv" создан.
2025-05-12 22:31:09,530 INFO: Файл "data/10-2.csv" создан.
2025-05-12 22:31:09,629 INFO: Файл "data/10-3.csv" создан.
2025-05-12 22:31:09,718 INFO: Файл "data/10-4.csv" создан.
2025-05-12 22:31:09,807 INFO: Файл "data/11-1.csv" создан.
2025-05-12 22:31:09,890 INFO: Файл "data/11-2.csv" создан.
2025-05-12 22:31:09,984 INFO: Файл "data/11-3.csv" создан.
2025-05-12 22:31:10,071 INFO: Файл "data/11-4.csv" создан.
2025-05-12 22:31:10,159 INFO: Файл "data/12-1.csv" создан.
2025-05-12 22:31:10,254 INFO: Файл "data/12-2.csv" создан.
2025-05-12 22:31:10,349 INFO: Файл "data/12-3.csv" создан.
2025-05-12 22:31:10,448 INFO: Файл "data/12-4.csv" создан.
2025-05-12 22:31:10,448 INFO: Скрипт generate_data.py успешно завершён. Файлы с чеками успешно созданы.
2025-05-12 22:32:13,134 INFO: Запуск скрипта upload_data.py для выгрузки данных в БД...
2025-05-12 22:32:13,172 INFO: Обработка файла 1-1.csv
2025-05-12 22:32:13,229 INFO: Обработка файла 1-2.csv
2025-05-12 22:32:13,271 INFO: Обработка файла 1-3.csv
2025-05-12 22:32:13,322 INFO: Обработка файла 1-4.csv
2025-05-12 22:32:13,373 INFO: Обработка файла 10-1.csv
2025-05-12 22:32:13,425 INFO: Обработка файла 10-2.csv
2025-05-12 22:32:13,468 INFO: Обработка файла 10-3.csv
2025-05-12 22:32:13,521 INFO: Обработка файла 10-4.csv
2025-05-12 22:32:13,564 INFO: Обработка файла 11-1.csv
2025-05-12 22:32:13,605 INFO: Обработка файла 11-2.csv
2025-05-12 22:32:13,644 INFO: Обработка файла 11-3.csv
2025-05-12 22:32:13,687 INFO: Обработка файла 11-4.csv
2025-05-12 22:32:13,730 INFO: Обработка файла 12-1.csv
2025-05-12 22:32:13,777 INFO: Обработка файла 12-2.csv
2025-05-12 22:32:13,821 INFO: Обработка файла 12-3.csv
2025-05-12 22:32:13,865 INFO: Обработка файла 12-4.csv
2025-05-12 22:32:13,913 INFO: Обработка файла 2-1.csv
2025-05-12 22:32:13,953 INFO: Обработка файла 2-2.csv
2025-05-12 22:32:13,992 INFO: Обработка файла 2-3.csv
2025-05-12 22:32:14,041 INFO: Обработка файла 2-4.csv
2025-05-12 22:32:14,092 INFO: Обработка файла 3-1.csv
2025-05-12 22:32:14,136 INFO: Обработка файла 3-2.csv
2025-05-12 22:32:14,176 INFO: Обработка файла 3-3.csv
2025-05-12 22:32:14,219 INFO: Обработка файла 3-4.csv
2025-05-12 22:32:14,260 INFO: Обработка файла 4-1.csv
2025-05-12 22:32:14,305 INFO: Обработка файла 4-2.csv
2025-05-12 22:32:14,350 INFO: Обработка файла 4-3.csv
2025-05-12 22:32:14,390 INFO: Обработка файла 4-4.csv
2025-05-12 22:32:14,431 INFO: Обработка файла 5-1.csv
2025-05-12 22:32:14,477 INFO: Обработка файла 5-2.csv
2025-05-12 22:32:14,520 INFO: Обработка файла 5-3.csv
2025-05-12 22:32:14,562 INFO: Обработка файла 5-4.csv
2025-05-12 22:32:14,609 INFO: Обработка файла 6-1.csv
2025-05-12 22:32:14,655 INFO: Обработка файла 6-2.csv
2025-05-12 22:32:14,703 INFO: Обработка файла 6-3.csv
2025-05-12 22:32:14,750 INFO: Обработка файла 6-4.csv
2025-05-12 22:32:14,804 INFO: Обработка файла 7-1.csv
2025-05-12 22:32:14,856 INFO: Обработка файла 7-2.csv
2025-05-12 22:32:14,896 INFO: Обработка файла 7-3.csv
2025-05-12 22:32:14,940 INFO: Обработка файла 7-4.csv
2025-05-12 22:32:14,981 INFO: Обработка файла 8-1.csv
2025-05-12 22:32:15,029 INFO: Обработка файла 8-2.csv
2025-05-12 22:32:15,075 INFO: Обработка файла 8-3.csv
2025-05-12 22:32:15,123 INFO: Обработка файла 8-4.csv
2025-05-12 22:32:15,165 INFO: Обработка файла 9-1.csv
2025-05-12 22:32:15,207 INFO: Обработка файла 9-2.csv
2025-05-12 22:32:15,246 INFO: Обработка файла 9-3.csv
2025-05-12 22:32:15,290 INFO: Обработка файла 9-4.csv
2025-05-12 22:32:15,322 INFO: Работа программы завершена
2025-05-12 22:32:17,528 INFO: E-mail успешно отправлен!
