2025-05-13 22:00:03,728 INFO: Запуск скрипта generate_data.py для генерации данных чеков...
2025-05-13 22:00:03,828 INFO: Файл "data/1-1.csv" создан.
2025-05-13 22:00:03,929 INFO: Файл "data/1-2.csv" создан.
2025-05-13 22:00:04,029 INFO: Файл "data/1-3.csv" создан.
2025-05-13 22:00:04,125 INFO: Файл "data/1-4.csv" создан.
2025-05-13 22:00:04,214 INFO: Файл "data/2-1.csv" создан.
2025-05-13 22:00:04,292 INFO: Файл "data/2-2.csv" создан.
2025-05-13 22:00:04,381 INFO: Файл "data/2-3.csv" создан.
2025-05-13 22:00:04,477 INFO: Файл "data/2-4.csv" создан.
2025-05-13 22:00:04,570 INFO: Файл "data/3-1.csv" создан.
2025-05-13 22:00:04,658 INFO: Файл "data/3-2.csv" создан.
2025-05-13 22:00:04,754 INFO: Файл "data/3-3.csv" создан.
2025-05-13 22:00:04,845 INFO: Файл "data/3-4.csv" создан.
2025-05-13 22:00:04,934 INFO: Файл "data/4-1.csv" создан.
2025-05-13 22:00:05,026 INFO: Файл "data/4-2.csv" создан.
2025-05-13 22:00:05,122 INFO: Файл "data/4-3.csv" создан.
2025-05-13 22:00:05,210 INFO: Файл "data/4-4.csv" создан.
2025-05-13 22:00:05,304 INFO: Файл "data/5-1.csv" создан.
2025-05-13 22:00:05,390 INFO: Файл "data/5-2.csv" создан.
2025-05-13 22:00:05,484 INFO: Файл "data/5-3.csv" создан.
2025-05-13 22:00:05,582 INFO: Файл "data/5-4.csv" создан.
2025-05-13 22:00:05,672 INFO: Файл "data/6-1.csv" создан.
2025-05-13 22:00:05,756 INFO: Файл "data/6-2.csv" создан.
2025-05-13 22:00:05,846 INFO: Файл "data/6-3.csv" создан.
2025-05-13 22:00:05,944 INFO: Файл "data/6-4.csv" создан.
2025-05-13 22:00:06,048 INFO: Файл "data/7-1.csv" создан.
2025-05-13 22:00:06,132 INFO: Файл "data/7-2.csv" создан.
2025-05-13 22:00:06,225 INFO: Файл "data/7-3.csv" создан.
2025-05-13 22:00:06,314 INFO: Файл "data/7-4.csv" создан.
2025-05-13 22:00:06,399 INFO: Файл "data/8-1.csv" создан.
2025-05-13 22:00:06,483 INFO: Файл "data/8-2.csv" создан.
2025-05-13 22:00:06,560 INFO: Файл "data/8-3.csv" создан.
2025-05-13 22:00:06,650 INFO: Файл "data/8-4.csv" создан.
2025-05-13 22:00:06,743 INFO: Файл "data/9-1.csv" создан.
2025-05-13 22:00:06,832 INFO: Файл "data/9-2.csv" создан.
2025-05-13 22:00:06,921 INFO: Файл "data/9-3.csv" создан.
2025-05-13 22:00:07,004 INFO: Файл "data/9-4.csv" создан.
2025-05-13 22:00:07,093 INFO: Файл "data/10-1.csv" создан.
2025-05-13 22:00:07,185 INFO: Файл "data/10-2.csv" создан.
2025-05-13 22:00:07,270 INFO: Файл "data/10-3.csv" создан.
2025-05-13 22:00:07,359 INFO: Файл "data/10-4.csv" создан.
2025-05-13 22:00:07,449 INFO: Файл "data/11-1.csv" создан.
2025-05-13 22:00:07,540 INFO: Файл "data/11-2.csv" создан.
2025-05-13 22:00:07,635 INFO: Файл "data/11-3.csv" создан.
2025-05-13 22:00:07,720 INFO: Файл "data/11-4.csv" создан.
2025-05-13 22:00:07,819 INFO: Файл "data/12-1.csv" создан.
2025-05-13 22:00:07,918 INFO: Файл "data/12-2.csv" создан.
2025-05-13 22:00:08,005 INFO: Файл "data/12-3.csv" создан.
2025-05-13 22:00:08,093 INFO: Файл "data/12-4.csv" создан.
2025-05-13 22:00:08,093 INFO: Скрипт generate_data.py успешно завершён. Файлы с чеками успешно созданы.
2025-05-13 22:30:03,111 INFO: Запуск скрипта upload_data.py для выгрузки данных в БД...
2025-05-13 22:30:03,254 INFO: Обработка файла 1-1.csv
2025-05-13 22:30:03,303 INFO: Обработка файла 1-2.csv
2025-05-13 22:30:03,349 INFO: Обработка файла 1-3.csv
2025-05-13 22:30:03,396 INFO: Обработка файла 1-4.csv
2025-05-13 22:30:03,441 INFO: Обработка файла 10-1.csv
2025-05-13 22:30:03,481 INFO: Обработка файла 10-2.csv
2025-05-13 22:30:03,527 INFO: Обработка файла 10-3.csv
2025-05-13 22:30:03,568 INFO: Обработка файла 10-4.csv
2025-05-13 22:30:03,613 INFO: Обработка файла 11-1.csv
2025-05-13 22:30:03,658 INFO: Обработка файла 11-2.csv
2025-05-13 22:30:03,701 INFO: Обработка файла 11-3.csv
2025-05-13 22:30:03,744 INFO: Обработка файла 11-4.csv
2025-05-13 22:30:03,780 INFO: Обработка файла 12-1.csv
2025-05-13 22:30:03,826 INFO: Обработка файла 12-2.csv
2025-05-13 22:30:03,871 INFO: Обработка файла 12-3.csv
2025-05-13 22:30:03,912 INFO: Обработка файла 12-4.csv
2025-05-13 22:30:03,952 INFO: Обработка файла 2-1.csv
2025-05-13 22:30:03,992 INFO: Обработка файла 2-2.csv
2025-05-13 22:30:04,027 INFO: Обработка файла 2-3.csv
2025-05-13 22:30:04,066 INFO: Обработка файла 2-4.csv
2025-05-13 22:30:04,109 INFO: Обработка файла 3-1.csv
2025-05-13 22:30:04,153 INFO: Обработка файла 3-2.csv
2025-05-13 22:30:04,191 INFO: Обработка файла 3-3.csv
2025-05-13 22:30:04,236 INFO: Обработка файла 3-4.csv
2025-05-13 22:30:04,275 INFO: Обработка файла 4-1.csv
2025-05-13 22:30:04,315 INFO: Обработка файла 4-2.csv
2025-05-13 22:30:04,357 INFO: Обработка файла 4-3.csv
2025-05-13 22:30:04,397 INFO: Обработка файла 4-4.csv
2025-05-13 22:30:04,438 INFO: Обработка файла 5-1.csv
2025-05-13 22:30:04,482 INFO: Обработка файла 5-2.csv
2025-05-13 22:30:04,522 INFO: Обработка файла 5-3.csv
2025-05-13 22:30:04,565 INFO: Обработка файла 5-4.csv
2025-05-13 22:30:04,610 INFO: Обработка файла 6-1.csv
2025-05-13 22:30:04,650 INFO: Обработка файла 6-2.csv
2025-05-13 22:30:04,691 INFO: Обработка файла 6-3.csv
2025-05-13 22:30:04,732 INFO: Обработка файла 6-4.csv
2025-05-13 22:30:04,777 INFO: Обработка файла 7-1.csv
2025-05-13 22:30:04,824 INFO: Обработка файла 7-2.csv
2025-05-13 22:30:04,862 INFO: Обработка файла 7-3.csv
2025-05-13 22:30:04,907 INFO: Обработка файла 7-4.csv
2025-05-13 22:30:04,951 INFO: Обработка файла 8-1.csv
2025-05-13 22:30:04,997 INFO: Обработка файла 8-2.csv
2025-05-13 22:30:05,037 INFO: Обработка файла 8-3.csv
2025-05-13 22:30:05,075 INFO: Обработка файла 8-4.csv
2025-05-13 22:30:05,122 INFO: Обработка файла 9-1.csv
2025-05-13 22:30:05,166 INFO: Обработка файла 9-2.csv
2025-05-13 22:30:05,211 INFO: Обработка файла 9-3.csv
2025-05-13 22:30:05,261 INFO: Обработка файла 9-4.csv
2025-05-13 22:30:05,294 INFO: Работа программы завершена
2025-05-13 22:30:07,492 INFO: E-mail успешно отправлен!
